GOOD-JOB_2022-0511-(16.2.5)/app/build/intermediates/manifest_merge_blame_file/release/manifest-merger-blame-release-report.txt
1<?xml version="1.0" encoding="utf-8"?>
2<manifest xmlns:android="http://schemas.android.com/apk/res/android"
3    package="com.stepjump.goodjob"
4    android:versionCode="16"
5    android:versionName="2.5" >
6
7    <uses-sdk
8        android:minSdkVersion="16"
8-->src\main\AndroidManifest.xml
9        android:targetSdkVersion="30" />
9-->src\main\AndroidManifest.xml
10
11    <uses-permission android:name="android.permission.INTERNET" /> <!-- 인터넷 권한선언 -->
11-->src\main\AndroidManifest.xml:5:5-66
11-->src\main\AndroidManifest.xml:5:22-64
12
13
14    <!-- <uses-permission android:name="android.permission.CAMERA" />&lt;!&ndash;카메라 권한&ndash;&gt; -->
15    <uses-permission android:name="android.permission.INTERNET" />
15-->src\main\AndroidManifest.xml:5:5-66
15-->src\main\AndroidManifest.xml:5:22-64
16    <uses-permission android:name="android.permission.INTERNET" />
16-->src\main\AndroidManifest.xml:5:5-66
16-->src\main\AndroidManifest.xml:5:22-64
17    <uses-permission android:name="android.permission.READ_EXTERNAL_STORAGE" /> <!-- 파일 읽기 권한 -->
17-->src\main\AndroidManifest.xml:10:5-80
17-->src\main\AndroidManifest.xml:10:22-77
18    <uses-permission android:name="android.permission.WRITE_EXTERNAL_STORAGE" />
18-->src\main\AndroidManifest.xml:11:5-81
18-->src\main\AndroidManifest.xml:11:22-78
19    <uses-permission android:name="android.permission.ACCESS_NETWORK_STATE" />
19-->[com.google.android.gms:play-services-ads-lite:20.5.0] AndroidManifest.xml:24:5-79
19-->[com.google.android.gms:play-services-ads-lite:20.5.0] AndroidManifest.xml:24:22-76
20    <uses-permission android:name="com.google.android.gms.permission.AD_ID" /> <!-- Android package visibility setting -->
20-->[com.google.android.gms:play-services-ads-lite:20.5.0] AndroidManifest.xml:25:5-79
20-->[com.google.android.gms:play-services-ads-lite:20.5.0] AndroidManifest.xml:25:22-76
21    <queries>
21-->[com.google.android.gms:play-services-ads-lite:20.5.0] AndroidManifest.xml:28:5-44:15
22
23        <!-- For browser content -->
24        <intent>
24-->[com.google.android.gms:play-services-ads-lite:20.5.0] AndroidManifest.xml:31:9-37:18
25            <action android:name="android.intent.action.VIEW" />
25-->[com.google.android.gms:play-services-ads-lite:20.5.0] AndroidManifest.xml:32:13-65
25-->[com.google.android.gms:play-services-ads-lite:20.5.0] AndroidManifest.xml:32:21-62
26
27            <category android:name="android.intent.category.BROWSABLE" />
27-->[com.google.android.gms:play-services-ads-lite:20.5.0] AndroidManifest.xml:34:13-74
27-->[com.google.android.gms:play-services-ads-lite:20.5.0] AndroidManifest.xml:34:23-71
28
29            <data android:scheme="https" />
29-->[com.google.android.gms:play-services-ads-lite:20.5.0] AndroidManifest.xml:36:13-44
29-->[com.google.android.gms:play-services-ads-lite:20.5.0] AndroidManifest.xml:36:19-41
30        </intent>
31        <!-- End of browser content -->
32        <!-- For CustomTabsService -->
33        <intent>
33-->[com.google.android.gms:play-services-ads-lite:20.5.0] AndroidManifest.xml:40:9-42:18
34            <action android:name="android.support.customtabs.action.CustomTabsService" />
34-->[com.google.android.gms:play-services-ads-lite:20.5.0] AndroidManifest.xml:41:13-90
34-->[com.google.android.gms:play-services-ads-lite:20.5.0] AndroidManifest.xml:41:21-87
35        </intent>
36        <!-- End of CustomTabsService -->
37    </queries>
38
39    <uses-permission android:name="android.permission.WAKE_LOCK" />
39-->[com.google.android.gms:play-services-measurement-sdk-api:18.0.3] AndroidManifest.xml:25:5-68
39-->[com.google.android.gms:play-services-measurement-sdk-api:18.0.3] AndroidManifest.xml:25:22-65
40    <uses-permission android:name="android.permission.RECEIVE_BOOT_COMPLETED" />
40-->[androidx.work:work-runtime:2.7.0] AndroidManifest.xml:27:5-81
40-->[androidx.work:work-runtime:2.7.0] AndroidManifest.xml:27:22-78
41    <uses-permission android:name="android.permission.FOREGROUND_SERVICE" /> <!-- 파일 쓰기 권한 -->
41-->[androidx.work:work-runtime:2.7.0] AndroidManifest.xml:28:5-77
41-->[androidx.work:work-runtime:2.7.0] AndroidManifest.xml:28:22-74
42    <!-- <uses-feature android:name="android.hardware.camera" android:required="true"/>&lt;!&ndash;카메라 기능 사용&ndash;&gt; -->
43    <application
43-->src\main\AndroidManifest.xml:14:5-77:19
44        android:allowBackup="true"
44-->src\main\AndroidManifest.xml:16:9-35
45        android:appComponentFactory="androidx.core.app.CoreComponentFactory"
45-->[androidx.core:core:1.6.0] AndroidManifest.xml:24:18-86
46        android:icon="@mipmap/goodjob_icon"
46-->src\main\AndroidManifest.xml:17:9-44
47        android:label="@string/app_name"
47-->src\main\AndroidManifest.xml:18:9-41
48        android:roundIcon="@mipmap/goodjob_icon_round"
48-->src\main\AndroidManifest.xml:19:9-55
49        android:supportsRtl="true"
49-->src\main\AndroidManifest.xml:20:9-35
50        android:theme="@style/AppTheme"
50-->src\main\AndroidManifest.xml:21:9-40
51        android:usesCleartextTraffic="true" >
51-->src\main\AndroidManifest.xml:15:9-44
52        <meta-data
52-->src\main\AndroidManifest.xml:23:9-25:69
53            android:name="com.google.android.gms.ads.APPLICATION_ID"
53-->src\main\AndroidManifest.xml:24:13-69
54            android:value="ca-app-pub-9164372688722543~3081471673" /> <!-- 애드롭 앱ID -->
54-->src\main\AndroidManifest.xml:25:13-67
55
56        <activity android:name="com.stepjump.goodjob.LoginActivity" >
56-->src\main\AndroidManifest.xml:27:9-37:20
56-->src\main\AndroidManifest.xml:27:19-68
57
58            <!-- LoginActivity 를 처음으로 실행하기 위해 필요 - S -->
59            <intent-filter>
59-->src\main\AndroidManifest.xml:30:13-34:29
60                <action android:name="android.intent.action.MAIN" />
60-->src\main\AndroidManifest.xml:31:17-69
60-->src\main\AndroidManifest.xml:31:25-66
61
62                <category android:name="android.intent.category.LAUNCHER" />
62-->src\main\AndroidManifest.xml:33:17-77
62-->src\main\AndroidManifest.xml:33:27-74
63            </intent-filter>
64            <!-- LoginActivity 를 처음으로 실행하기 위해 필요 - E -->
65
66        </activity>
67        <activity android:name="com.stepjump.goodjob.RegisterActivity" />
67-->src\main\AndroidManifest.xml:39:9-54
67-->src\main\AndroidManifest.xml:39:19-51
68        <activity android:name="com.stepjump.goodjob.RegisterUpdateActivity" />
68-->src\main\AndroidManifest.xml:40:9-60
68-->src\main\AndroidManifest.xml:40:19-57
69        <activity android:name="com.stepjump.goodjob.MainActivity" />
69-->src\main\AndroidManifest.xml:42:9-50
69-->src\main\AndroidManifest.xml:42:19-47
70        <activity
70-->src\main\AndroidManifest.xml:43:9-106
71            android:name="com.stepjump.goodjob.MainActivity2"
71-->src\main\AndroidManifest.xml:43:19-48
72            android:windowSoftInputMode="stateHidden|adjustResize" /> <!-- 키패드 때문에 레이아웃이 일그러지는 경우 방지 -->
72-->src\main\AndroidManifest.xml:43:49-103
73
74        <activity android:name="com.stepjump.goodjob.ListModifyActivity" />
74-->src\main\AndroidManifest.xml:45:9-56
74-->src\main\AndroidManifest.xml:45:19-53
75        <activity android:name="com.stepjump.goodjob.ListActivity" />
75-->src\main\AndroidManifest.xml:46:9-50
75-->src\main\AndroidManifest.xml:46:19-47
76        <activity android:name="com.stepjump.goodjob.ListActivity1" />
76-->src\main\AndroidManifest.xml:47:9-51
76-->src\main\AndroidManifest.xml:47:19-48
77        <activity android:name="com.stepjump.goodjob.ListActivity2" />
77-->src\main\AndroidManifest.xml:48:9-51
77-->src\main\AndroidManifest.xml:48:19-48
78        <activity android:name="com.stepjump.goodjob.AdminActivity" />
78-->src\main\AndroidManifest.xml:50:9-51
78-->src\main\AndroidManifest.xml:50:19-48
79        <activity android:name="com.stepjump.goodjob.Main_PassActivity" />
79-->src\main\AndroidManifest.xml:52:9-55
79-->src\main\AndroidManifest.xml:52:19-52
80        <activity android:name="com.stepjump.goodjob.ListViewItem1" />
80-->src\main\AndroidManifest.xml:53:9-51
80-->src\main\AndroidManifest.xml:53:19-48
81        <activity android:name="com.stepjump.goodjob.ListViewItem2" />
81-->src\main\AndroidManifest.xml:54:9-51
81-->src\main\AndroidManifest.xml:54:19-48
82        <activity android:name="com.stepjump.goodjob.OpenActivity" />
82-->src\main\AndroidManifest.xml:55:9-50
82-->src\main\AndroidManifest.xml:55:19-47
83
84        <!-- <provider -->
85        <!-- android:name="android.support.v4.content.FileProvider" -->
86        <!-- android:authorities="com.shuvic.alumni.cameraalbum" -->
87        <!-- android:exported="false" -->
88        <!-- android:grantUriPermissions="true"> -->
89        <!-- <meta-data -->
90        <!-- android:name="android.support.FILE_PROVIDER_PATHS" -->
91        <!-- android:resource="@xml/file_paths" /> -->
92        <!-- </provider> -->
93
94        <provider
95            android:name="androidx.core.content.FileProvider"
95-->src\main\AndroidManifest.xml:68:13-62
96            android:authorities="com.stepjump.goodjob.provider"
96-->src\main\AndroidManifest.xml:69:13-60
97            android:exported="false"
97-->src\main\AndroidManifest.xml:70:13-37
98            android:grantUriPermissions="true" >
98-->src\main\AndroidManifest.xml:71:13-47
99            <meta-data
99-->src\main\AndroidManifest.xml:72:13-74:54
100                android:name="android.support.FILE_PROVIDER_PATHS"
100-->src\main\AndroidManifest.xml:73:17-67
101                android:resource="@xml/file_paths" />
101-->src\main\AndroidManifest.xml:74:17-51
102        </provider>
103
104        <activity
104-->[gun0912.ted:tedpermission:2.2.3] AndroidManifest.xml:10:9-14:67
105            android:name="com.gun0912.tedpermission.TedPermissionActivity"
105-->[gun0912.ted:tedpermission:2.2.3] AndroidManifest.xml:11:13-75
106            android:configChanges="mcc|mnc|locale|keyboard|keyboardHidden|screenLayout|fontScale|uiMode|orientation|screenSize|layoutDirection"
106-->[gun0912.ted:tedpermission:2.2.3] AndroidManifest.xml:12:13-144
107            android:screenOrientation="unspecified"
107-->[gun0912.ted:tedpermission:2.2.3] AndroidManifest.xml:13:13-52
108            android:theme="@style/Theme.Transparent.Permission" /> <!-- Include the AdActivity and InAppPurchaseActivity configChanges and themes. -->
108-->[gun0912.ted:tedpermission:2.2.3] AndroidManifest.xml:14:13-64
109        <activity
109-->[com.google.android.gms:play-services-ads-lite:20.5.0] AndroidManifest.xml:49:9-53:64
110            android:name="com.google.android.gms.ads.AdActivity"
110-->[com.google.android.gms:play-services-ads-lite:20.5.0] AndroidManifest.xml:50:13-65
111            android:configChanges="keyboard|keyboardHidden|orientation|screenLayout|uiMode|screenSize|smallestScreenSize"
111-->[com.google.android.gms:play-services-ads-lite:20.5.0] AndroidManifest.xml:51:13-122
112            android:exported="false"
112-->[com.google.android.gms:play-services-ads-lite:20.5.0] AndroidManifest.xml:52:13-37
113            android:theme="@android:style/Theme.Translucent" />
113-->[com.google.android.gms:play-services-ads-lite:20.5.0] AndroidManifest.xml:53:13-61
114
115        <provider
115-->[com.google.android.gms:play-services-ads-lite:20.5.0] AndroidManifest.xml:55:9-59:39
116            android:name="com.google.android.gms.ads.MobileAdsInitProvider"
116-->[com.google.android.gms:play-services-ads-lite:20.5.0] AndroidManifest.xml:56:13-76
117            android:authorities="com.stepjump.goodjob.mobileadsinitprovider"
117-->[com.google.android.gms:play-services-ads-lite:20.5.0] AndroidManifest.xml:57:13-73
118            android:exported="false"
118-->[com.google.android.gms:play-services-ads-lite:20.5.0] AndroidManifest.xml:58:13-37
119            android:initOrder="100" />
119-->[com.google.android.gms:play-services-ads-lite:20.5.0] AndroidManifest.xml:59:13-36
120
121        <service
121-->[com.google.android.gms:play-services-ads-lite:20.5.0] AndroidManifest.xml:61:9-64:40
122            android:name="com.google.android.gms.ads.AdService"
122-->[com.google.android.gms:play-services-ads-lite:20.5.0] AndroidManifest.xml:62:13-64
123            android:enabled="true"
123-->[com.google.android.gms:play-services-ads-lite:20.5.0] AndroidManifest.xml:63:13-35
124            android:exported="false" />
124-->[com.google.android.gms:play-services-ads-lite:20.5.0] AndroidManifest.xml:64:13-37
125
126        <activity
126-->[com.google.android.gms:play-services-base:17.6.0] AndroidManifest.xml:23:9-26:75
127            android:name="com.google.android.gms.common.api.GoogleApiActivity"
127-->[com.google.android.gms:play-services-base:17.6.0] AndroidManifest.xml:24:13-79
128            android:exported="false"
128-->[com.google.android.gms:play-services-base:17.6.0] AndroidManifest.xml:25:13-37
129            android:theme="@android:style/Theme.Translucent.NoTitleBar" />
129-->[com.google.android.gms:play-services-base:17.6.0] AndroidManifest.xml:26:13-72
130
131        <meta-data
131-->[com.google.android.gms:play-services-basement:17.6.0] AndroidManifest.xml:23:9-25:69
132            android:name="com.google.android.gms.version"
132-->[com.google.android.gms:play-services-basement:17.6.0] AndroidManifest.xml:24:13-58
133            android:value="@integer/google_play_services_version" />
133-->[com.google.android.gms:play-services-basement:17.6.0] AndroidManifest.xml:25:13-66
134
135        <provider
135-->[androidx.work:work-runtime:2.7.0] AndroidManifest.xml:31:9-39:20
136            android:name="androidx.startup.InitializationProvider"
136-->[androidx.work:work-runtime:2.7.0] AndroidManifest.xml:32:13-67
137            android:authorities="com.stepjump.goodjob.androidx-startup"
137-->[androidx.work:work-runtime:2.7.0] AndroidManifest.xml:33:13-68
138            android:exported="false" >
138-->[androidx.work:work-runtime:2.7.0] AndroidManifest.xml:34:13-37
139            <meta-data
139-->[androidx.work:work-runtime:2.7.0] AndroidManifest.xml:36:13-38:52
140                android:name="androidx.work.WorkManagerInitializer"
140-->[androidx.work:work-runtime:2.7.0] AndroidManifest.xml:37:17-68
141                android:value="androidx.startup" />
141-->[androidx.work:work-runtime:2.7.0] AndroidManifest.xml:38:17-49
142        </provider>
143
144        <service
144-->[androidx.work:work-runtime:2.7.0] AndroidManifest.xml:41:9-46:35
145            android:name="androidx.work.impl.background.systemalarm.SystemAlarmService"
145-->[androidx.work:work-runtime:2.7.0] AndroidManifest.xml:42:13-88
146            android:directBootAware="false"
146-->[androidx.work:work-runtime:2.7.0] AndroidManifest.xml:43:13-44
147            android:enabled="@bool/enable_system_alarm_service_default"
147-->[androidx.work:work-runtime:2.7.0] AndroidManifest.xml:44:13-72
148            android:exported="false" />
148-->[androidx.work:work-runtime:2.7.0] AndroidManifest.xml:45:13-37
149        <service
149-->[androidx.work:work-runtime:2.7.0] AndroidManifest.xml:47:9-53:35
150            android:name="androidx.work.impl.background.systemjob.SystemJobService"
150-->[androidx.work:work-runtime:2.7.0] AndroidManifest.xml:48:13-84
151            android:directBootAware="false"
151-->[androidx.work:work-runtime:2.7.0] AndroidManifest.xml:49:13-44
152            android:enabled="@bool/enable_system_job_service_default"
152-->[androidx.work:work-runtime:2.7.0] AndroidManifest.xml:50:13-70
153            android:exported="true"
153-->[androidx.work:work-runtime:2.7.0] AndroidManifest.xml:51:13-36
154            android:permission="android.permission.BIND_JOB_SERVICE" />
154-->[androidx.work:work-runtime:2.7.0] AndroidManifest.xml:52:13-69
155        <service
155-->[androidx.work:work-runtime:2.7.0] AndroidManifest.xml:54:9-59:35
156            android:name="androidx.work.impl.foreground.SystemForegroundService"
156-->[androidx.work:work-runtime:2.7.0] AndroidManifest.xml:55:13-81
157            android:directBootAware="false"
157-->[androidx.work:work-runtime:2.7.0] AndroidManifest.xml:56:13-44
158            android:enabled="@bool/enable_system_foreground_service_default"
158-->[androidx.work:work-runtime:2.7.0] AndroidManifest.xml:57:13-77
159            android:exported="false" />
159-->[androidx.work:work-runtime:2.7.0] AndroidManifest.xml:58:13-37
160
161        <receiver
161-->[androidx.work:work-runtime:2.7.0] AndroidManifest.xml:61:9-66:35
162            android:name="androidx.work.impl.utils.ForceStopRunnable$BroadcastReceiver"
162-->[androidx.work:work-runtime:2.7.0] AndroidManifest.xml:62:13-88
163            android:directBootAware="false"
163-->[androidx.work:work-runtime:2.7.0] AndroidManifest.xml:63:13-44
164            android:enabled="true"
164-->[androidx.work:work-runtime:2.7.0] AndroidManifest.xml:64:13-35
165            android:exported="false" />
165-->[androidx.work:work-runtime:2.7.0] AndroidManifest.xml:65:13-37
166        <receiver
166-->[androidx.work:work-runtime:2.7.0] AndroidManifest.xml:67:9-77:20
167            android:name="androidx.work.impl.background.systemalarm.ConstraintProxy$BatteryChargingProxy"
167-->[androidx.work:work-runtime:2.7.0] AndroidManifest.xml:68:13-106
168            android:directBootAware="false"
168-->[androidx.work:work-runtime:2.7.0] AndroidManifest.xml:69:13-44
169            android:enabled="false"
169-->[androidx.work:work-runtime:2.7.0] AndroidManifest.xml:70:13-36
170            android:exported="false" >
170-->[androidx.work:work-runtime:2.7.0] AndroidManifest.xml:71:13-37
171            <intent-filter>
171-->[androidx.work:work-runtime:2.7.0] AndroidManifest.xml:73:13-76:29
172                <action android:name="android.intent.action.ACTION_POWER_CONNECTED" />
172-->[androidx.work:work-runtime:2.7.0] AndroidManifest.xml:74:17-87
172-->[androidx.work:work-runtime:2.7.0] AndroidManifest.xml:74:25-84
173                <action android:name="android.intent.action.ACTION_POWER_DISCONNECTED" />
173-->[androidx.work:work-runtime:2.7.0] AndroidManifest.xml:75:17-90
173-->[androidx.work:work-runtime:2.7.0] AndroidManifest.xml:75:25-87
174            </intent-filter>
175        </receiver>
176        <receiver
176-->[androidx.work:work-runtime:2.7.0] AndroidManifest.xml:78:9-88:20
177            android:name="androidx.work.impl.background.systemalarm.ConstraintProxy$BatteryNotLowProxy"
177-->[androidx.work:work-runtime:2.7.0] AndroidManifest.xml:79:13-104
178            android:directBootAware="false"
178-->[androidx.work:work-runtime:2.7.0] AndroidManifest.xml:80:13-44
179            android:enabled="false"
179-->[androidx.work:work-runtime:2.7.0] AndroidManifest.xml:81:13-36
180            android:exported="false" >
180-->[androidx.work:work-runtime:2.7.0] AndroidManifest.xml:82:13-37
181            <intent-filter>
181-->[androidx.work:work-runtime:2.7.0] AndroidManifest.xml:84:13-87:29
182                <action android:name="android.intent.action.BATTERY_OKAY" />
182-->[androidx.work:work-runtime:2.7.0] AndroidManifest.xml:85:17-77
182-->[androidx.work:work-runtime:2.7.0] AndroidManifest.xml:85:25-74
183                <action android:name="android.intent.action.BATTERY_LOW" />
183-->[androidx.work:work-runtime:2.7.0] AndroidManifest.xml:86:17-76
183-->[androidx.work:work-runtime:2.7.0] AndroidManifest.xml:86:25-73
184            </intent-filter>
185        </receiver>
186        <receiver
186-->[androidx.work:work-runtime:2.7.0] AndroidManifest.xml:89:9-99:20
187            android:name="androidx.work.impl.background.systemalarm.ConstraintProxy$StorageNotLowProxy"
187-->[androidx.work:work-runtime:2.7.0] AndroidManifest.xml:90:13-104
188            android:directBootAware="false"
188-->[androidx.work:work-runtime:2.7.0] AndroidManifest.xml:91:13-44
189            android:enabled="false"
189-->[androidx.work:work-runtime:2.7.0] AndroidManifest.xml:92:13-36
190            android:exported="false" >
190-->[androidx.work:work-runtime:2.7.0] AndroidManifest.xml:93:13-37
191            <intent-filter>
191-->[androidx.work:work-runtime:2.7.0] AndroidManifest.xml:95:13-98:29
192                <action android:name="android.intent.action.DEVICE_STORAGE_LOW" />
192-->[androidx.work:work-runtime:2.7.0] AndroidManifest.xml:96:17-83
192-->[androidx.work:work-runtime:2.7.0] AndroidManifest.xml:96:25-80
193                <action android:name="android.intent.action.DEVICE_STORAGE_OK" />
193-->[androidx.work:work-runtime:2.7.0] AndroidManifest.xml:97:17-82
193-->[androidx.work:work-runtime:2.7.0] AndroidManifest.xml:97:25-79
194            </intent-filter>
195        </receiver>
196        <receiver
196-->[androidx.work:work-runtime:2.7.0] AndroidManifest.xml:100:9-109:20
197            android:name="androidx.work.impl.background.systemalarm.ConstraintProxy$NetworkStateProxy"
197-->[androidx.work:work-runtime:2.7.0] AndroidManifest.xml:101:13-103
198            android:directBootAware="false"
198-->[androidx.work:work-runtime:2.7.0] AndroidManifest.xml:102:13-44
199            android:enabled="false"
199-->[androidx.work:work-runtime:2.7.0] AndroidManifest.xml:103:13-36
200            android:exported="false" >
200-->[androidx.work:work-runtime:2.7.0] AndroidManifest.xml:104:13-37
201            <intent-filter>
201-->[androidx.work:work-runtime:2.7.0] AndroidManifest.xml:106:13-108:29
202                <action android:name="android.net.conn.CONNECTIVITY_CHANGE" />
202-->[androidx.work:work-runtime:2.7.0] AndroidManifest.xml:107:17-79
202-->[androidx.work:work-runtime:2.7.0] AndroidManifest.xml:107:25-76
203            </intent-filter>
204        </receiver>
205        <receiver
205-->[androidx.work:work-runtime:2.7.0] AndroidManifest.xml:110:9-121:20
206            android:name="androidx.work.impl.background.systemalarm.RescheduleReceiver"
206-->[androidx.work:work-runtime:2.7.0] AndroidManifest.xml:111:13-88
207            android:directBootAware="false"
207-->[androidx.work:work-runtime:2.7.0] AndroidManifest.xml:112:13-44
208            android:enabled="false"
208-->[androidx.work:work-runtime:2.7.0] AndroidManifest.xml:113:13-36
209            android:exported="false" >
209-->[androidx.work:work-runtime:2.7.0] AndroidManifest.xml:114:13-37
210            <intent-filter>
210-->[androidx.work:work-runtime:2.7.0] AndroidManifest.xml:116:13-120:29
211                <action android:name="android.intent.action.BOOT_COMPLETED" />
211-->[androidx.work:work-runtime:2.7.0] AndroidManifest.xml:117:17-79
211-->[androidx.work:work-runtime:2.7.0] AndroidManifest.xml:117:25-76
212                <action android:name="android.intent.action.TIME_SET" />
212-->[androidx.work:work-runtime:2.7.0] AndroidManifest.xml:118:17-73
212-->[androidx.work:work-runtime:2.7.0] AndroidManifest.xml:118:25-70
213                <action android:name="android.intent.action.TIMEZONE_CHANGED" />
213-->[androidx.work:work-runtime:2.7.0] AndroidManifest.xml:119:17-81
213-->[androidx.work:work-runtime:2.7.0] AndroidManifest.xml:119:25-78
214            </intent-filter>
215        </receiver>
216        <receiver
216-->[androidx.work:work-runtime:2.7.0] AndroidManifest.xml:122:9-131:20
217            android:name="androidx.work.impl.background.systemalarm.ConstraintProxyUpdateReceiver"
217-->[androidx.work:work-runtime:2.7.0] AndroidManifest.xml:123:13-99
218            android:directBootAware="false"
218-->[androidx.work:work-runtime:2.7.0] AndroidManifest.xml:124:13-44
219            android:enabled="@bool/enable_system_alarm_service_default"
219-->[androidx.work:work-runtime:2.7.0] AndroidManifest.xml:125:13-72
220            android:exported="false" >
220-->[androidx.work:work-runtime:2.7.0] AndroidManifest.xml:126:13-37
221            <intent-filter>
221-->[androidx.work:work-runtime:2.7.0] AndroidManifest.xml:128:13-130:29
222                <action android:name="androidx.work.impl.background.systemalarm.UpdateProxies" />
222-->[androidx.work:work-runtime:2.7.0] AndroidManifest.xml:129:17-98
222-->[androidx.work:work-runtime:2.7.0] AndroidManifest.xml:129:25-95
223            </intent-filter>
224        </receiver>
225        <receiver
225-->[androidx.work:work-runtime:2.7.0] AndroidManifest.xml:132:9-142:20
226            android:name="androidx.work.impl.diagnostics.DiagnosticsReceiver"
226-->[androidx.work:work-runtime:2.7.0] AndroidManifest.xml:133:13-78
227            android:directBootAware="false"
227-->[androidx.work:work-runtime:2.7.0] AndroidManifest.xml:134:13-44
228            android:enabled="true"
228-->[androidx.work:work-runtime:2.7.0] AndroidManifest.xml:135:13-35
229            android:exported="true"
229-->[androidx.work:work-runtime:2.7.0] AndroidManifest.xml:136:13-36
230            android:permission="android.permission.DUMP" >
230-->[androidx.work:work-runtime:2.7.0] AndroidManifest.xml:137:13-57
231            <intent-filter>
231-->[androidx.work:work-runtime:2.7.0] AndroidManifest.xml:139:13-141:29
232                <action android:name="androidx.work.diagnostics.REQUEST_DIAGNOSTICS" />
232-->[androidx.work:work-runtime:2.7.0] AndroidManifest.xml:140:17-88
232-->[androidx.work:work-runtime:2.7.0] AndroidManifest.xml:140:25-85
233            </intent-filter>
234        </receiver>
235
236        <service
236-->[androidx.room:room-runtime:2.2.5] AndroidManifest.xml:25:9-28:40
237            android:name="androidx.room.MultiInstanceInvalidationService"
237-->[androidx.room:room-runtime:2.2.5] AndroidManifest.xml:26:13-74
238            android:directBootAware="true"
238-->[androidx.room:room-runtime:2.2.5] AndroidManifest.xml:27:13-43
239            android:exported="false" />
239-->[androidx.room:room-runtime:2.2.5] AndroidManifest.xml:28:13-37
240    </application>
241
242</manifest>